<?xml version="1.0" encoding="UTF-8"?>
<testng-results ignored="0" total="1" passed="1" failed="0" skipped="0">
  <reporter-output>
  </reporter-output>
  <suite started-at="2024-11-13T16:43:57 IST" name="Master Suite" finished-at="2024-11-13T16:46:04 IST" duration-ms="126412">
    <groups>
      <group name="Master">
        <method signature="TC002_LoginTest.verify_Login()[pri:0, instance:testCases.TC002_LoginTest@54e22bdd]" name="verify_Login" class="testCases.TC002_LoginTest"/>
      </group> <!-- Master -->
      <group name="Sanity">
        <method signature="TC002_LoginTest.verify_Login()[pri:0, instance:testCases.TC002_LoginTest@54e22bdd]" name="verify_Login" class="testCases.TC002_LoginTest"/>
      </group> <!-- Sanity -->
    </groups>
    <test started-at="2024-11-13T16:43:57 IST" name="chrometest" finished-at="2024-11-13T16:46:04 IST" duration-ms="126412">
      <class name="testCases.TC002_LoginTest">
        <test-method is-config="true" signature="setUp(java.lang.String,java.lang.String)[pri:0, instance:testCases.TC002_LoginTest@54e22bdd]" started-at="2024-11-13T16:43:59 IST" name="setUp" finished-at="2024-11-13T16:45:41 IST" duration-ms="101228" status="PASS">
          <params>
            <param index="0">
              <value>
                <![CDATA[Windows]]>
              </value>
            </param>
            <param index="1">
              <value>
                <![CDATA[chrome]]>
              </value>
            </param>
          </params>
          <reporter-output>
          </reporter-output>
        </test-method> <!-- setUp -->
        <test-method signature="verify_Login()[pri:0, instance:testCases.TC002_LoginTest@54e22bdd]" started-at="2024-11-13T16:45:41 IST" name="verify_Login" finished-at="2024-11-13T16:45:55 IST" duration-ms="14141" status="PASS">
          <reporter-output>
          </reporter-output>
        </test-method> <!-- verify_Login -->
        <test-method is-config="true" signature="tearDown()[pri:0, instance:testCases.TC002_LoginTest@54e22bdd]" started-at="2024-11-13T16:45:55 IST" name="tearDown" finished-at="2024-11-13T16:46:04 IST" duration-ms="8103" status="PASS">
          <reporter-output>
          </reporter-output>
        </test-method> <!-- tearDown -->
      </class> <!-- testCases.TC002_LoginTest -->
    </test> <!-- chrometest -->
  </suite> <!-- Master Suite -->
</testng-results>
